<?xml version="1.0" encoding="UTF-8"?>
<testng-results skipped="0" failed="0" total="1" passed="1">
  <reporter-output>
  </reporter-output>
  <suite name="Default suite" duration-ms="7980" started-at="2019-01-18T17:30:13Z" finished-at="2019-01-18T17:30:21Z">
    <groups>
    </groups>
    <test name="Default test" duration-ms="7980" started-at="2019-01-18T17:30:13Z" finished-at="2019-01-18T17:30:21Z">
      <class name="TestFramework.AccessHQAPITest">
        <test-method status="PASS" signature="getStationAPITest()" name="getStationAPITest" duration-ms="7939" started-at="2019-01-18T17:30:13Z" finished-at="2019-01-18T17:30:21Z">
        </test-method>
      </class>
    </test>
  </suite>
</testng-results>
